0 info it worked if it ends with ok
1 verbose cli [ 'D:\\Program Files\\nodejs\\node.exe',
1 verbose cli   'D:\\Program Files\\nodejs\\node_modules\\npm\\bin\\npm-cli.js',
1 verbose cli   'publish' ]
2 info using npm@3.10.9
3 info using node@v7.2.0
4 verbose publish [ '.' ]
5 silly cache add args [ '.', null ]
6 verbose cache add spec .
7 silly cache add parsed spec Result {
7 silly cache add   raw: '.',
7 silly cache add   scope: null,
7 silly cache add   escapedName: null,
7 silly cache add   name: null,
7 silly cache add   rawSpec: '.',
7 silly cache add   spec: 'D:\\x',
7 silly cache add   type: 'directory' }
8 verbose addLocalDirectory C:\Users\jason\AppData\Roaming\npm-cache\@gzzhanghao\x\0.1.1\package.tgz not in flight; packing
9 verbose correctMkdir C:\Users\jason\AppData\Roaming\npm-cache correctMkdir not in flight; initializing
10 info lifecycle @gzzhanghao/x@0.1.1~prepublish: @gzzhanghao/x@0.1.1
11 silly lifecycle @gzzhanghao/x@0.1.1~prepublish: no script for prepublish, continuing
12 verbose tar pack [ 'C:\\Users\\jason\\AppData\\Roaming\\npm-cache\\@gzzhanghao\\x\\0.1.1\\package.tgz',
12 verbose tar pack   'D:\\x' ]
13 verbose tarball C:\Users\jason\AppData\Roaming\npm-cache\@gzzhanghao\x\0.1.1\package.tgz
14 verbose folder D:\x
15 verbose addLocalTarball adding from inside cache C:\Users\jason\AppData\Roaming\npm-cache\@gzzhanghao\x\0.1.1\package.tgz
16 verbose correctMkdir C:\Users\jason\AppData\Roaming\npm-cache correctMkdir not in flight; initializing
17 silly cache afterAdd @gzzhanghao/x@0.1.1
18 verbose afterAdd C:\Users\jason\AppData\Roaming\npm-cache\@gzzhanghao\x\0.1.1\package\package.json not in flight; writing
19 verbose correctMkdir C:\Users\jason\AppData\Roaming\npm-cache correctMkdir not in flight; initializing
20 verbose afterAdd C:\Users\jason\AppData\Roaming\npm-cache\@gzzhanghao\x\0.1.1\package\package.json written
21 silly publish { name: '@gzzhanghao/x',
21 silly publish   version: '0.1.1',
21 silly publish   description: 'Execute commands in node',
21 silly publish   main: 'index.js',
21 silly publish   scripts: { test: 'echo "Error: no test specified" && exit 1' },
21 silly publish   keywords: [ 'exec' ],
21 silly publish   author: { name: 'Jason' },
21 silly publish   license: 'MIT',
21 silly publish   dependencies: { 'es6-promisify': '^5.0.0' },
21 silly publish   devDependencies: {},
21 silly publish   repository: { type: 'git', url: 'git+https://github.com/gzzhanghao/x.git' },
21 silly publish   bugs: { url: 'https://github.com/gzzhanghao/x/issues' },
21 silly publish   homepage: 'https://github.com/gzzhanghao/x#readme',
21 silly publish   readme: '# X\n\nExecute commands in node.js\n\n## Installation\n\n```bash\nnpm i -S @gzzhanghao/x\n```\n\n## Usage\n\n```javascript\nimport x from \'@gzzhanghao/x\'\n\nexport async function build(opts) {\n  await x(`\n    run-any-cmd --with-args ${x.e.SOME_ENV_VARIABLE}\n    like makefile\n  `)\n}\n```\n',
21 silly publish   readmeFilename: 'README.md',
21 silly publish   gitHead: '2b2a2dc5803b93226c2bd04ca38b12e12b0b7773',
21 silly publish   _id: '@gzzhanghao/x@0.1.1',
21 silly publish   _shasum: '999284f896d6dff0345207b1ee4436d1f00d0488',
21 silly publish   _from: '.' }
22 verbose getPublishConfig undefined
23 silly mapToRegistry name @gzzhanghao/x
24 silly mapToRegistry scope (from package name) @gzzhanghao
25 verbose mapToRegistry no registry URL found in name for scope @gzzhanghao
26 silly mapToRegistry using default registry
27 silly mapToRegistry registry https://registry.npmjs.org/
28 silly mapToRegistry data Result {
28 silly mapToRegistry   raw: '@gzzhanghao/x',
28 silly mapToRegistry   scope: '@gzzhanghao',
28 silly mapToRegistry   escapedName: '@gzzhanghao%2fx',
28 silly mapToRegistry   name: '@gzzhanghao/x',
28 silly mapToRegistry   rawSpec: '',
28 silly mapToRegistry   spec: 'latest',
28 silly mapToRegistry   type: 'tag' }
29 silly mapToRegistry uri https://registry.npmjs.org/@gzzhanghao%2fx
30 verbose publish registryBase https://registry.npmjs.org/
31 silly publish uploading C:\Users\jason\AppData\Roaming\npm-cache\@gzzhanghao\x\0.1.1\package.tgz
32 verbose request uri https://registry.npmjs.org/@gzzhanghao%2fx
33 verbose request sending authorization for write operation
34 info attempt registry request try #1 at 12:24:04
35 verbose request using bearer token for auth
36 verbose request id 0048ac47ab4a14d8
37 http request PUT https://registry.npmjs.org/@gzzhanghao%2fx
38 http 403 https://registry.npmjs.org/@gzzhanghao%2fx
39 verbose headers { 'content-type': 'application/json',
39 verbose headers   'cache-control': 'max-age=0',
39 verbose headers   'content-length': '95',
39 verbose headers   'accept-ranges': 'bytes',
39 verbose headers   date: 'Sat, 10 Dec 2016 04:24:02 GMT',
39 verbose headers   via: '1.1 varnish',
39 verbose headers   connection: 'keep-alive',
39 verbose headers   'x-served-by': 'cache-ams4145-AMS',
39 verbose headers   'x-cache': 'MISS',
39 verbose headers   'x-cache-hits': '0',
39 verbose headers   'x-timer': 'S1481343840.796795,VS0,VE1458' }
40 verbose request invalidating C:\Users\jason\AppData\Roaming\npm-cache\registry.npmjs.org\_40gzzhanghao_252fx on PUT
41 error publish Failed PUT 403
42 verbose stack Error: "You cannot publish over the previously published version 0.1.1." : @gzzhanghao/x
42 verbose stack     at makeError (D:\Program Files\nodejs\node_modules\npm\node_modules\npm-registry-client\lib\request.js:302:12)
42 verbose stack     at CachingRegistryClient.<anonymous> (D:\Program Files\nodejs\node_modules\npm\node_modules\npm-registry-client\lib\request.js:290:14)
42 verbose stack     at Request._callback (D:\Program Files\nodejs\node_modules\npm\node_modules\npm-registry-client\lib\request.js:210:14)
42 verbose stack     at Request.self.callback (D:\Program Files\nodejs\node_modules\npm\node_modules\request\request.js:187:22)
42 verbose stack     at emitTwo (events.js:106:13)
42 verbose stack     at Request.emit (events.js:191:7)
42 verbose stack     at Request.<anonymous> (D:\Program Files\nodejs\node_modules\npm\node_modules\request\request.js:1048:10)
42 verbose stack     at emitOne (events.js:96:13)
42 verbose stack     at Request.emit (events.js:188:7)
42 verbose stack     at IncomingMessage.<anonymous> (D:\Program Files\nodejs\node_modules\npm\node_modules\request\request.js:969:12)
43 verbose statusCode 403
44 verbose pkgid @gzzhanghao/x
45 verbose cwd D:\x
46 error Windows_NT 10.0.14393
47 error argv "D:\\Program Files\\nodejs\\node.exe" "D:\\Program Files\\nodejs\\node_modules\\npm\\bin\\npm-cli.js" "publish"
48 error node v7.2.0
49 error npm  v3.10.9
50 error code E403
51 error "You cannot publish over the previously published version 0.1.1." : @gzzhanghao/x
52 error If you need help, you may report this error at:
52 error     <https://github.com/npm/npm/issues>
53 verbose exit [ 1, true ]
